Nov 02, 2018 10:02:26 PM org.apache.catalina.core.ApplicationContext log
INFO: HTMLManager: init: Associated with Deployer 'Catalina:type=Deployer,host=localhost'
Nov 02, 2018 10:02:26 PM org.apache.catalina.core.ApplicationContext log
INFO: HTMLManager: init: Global resources are available
Nov 02, 2018 10:02:26 PM org.apache.catalina.core.ApplicationContext log
INFO: HTMLManager: list: Listing contexts for virtual host 'localhost'
Nov 02, 2018 10:08:20 PM org.apache.catalina.core.ApplicationContext log
INFO: HTMLManager: list: Listing contexts for virtual host 'localhost'
Nov 02, 2018 10:08:24 PM org.apache.catalina.core.ApplicationContext log
INFO: HTMLManager: restart: Reloading web application '/housing'
Nov 02, 2018 10:08:24 PM org.apache.catalina.core.ApplicationContext log
INFO: HTMLManager: list: Listing contexts for virtual host 'localhost'
Nov 02, 2018 10:08:36 PM org.apache.catalina.core.ApplicationContext log
INFO: HTMLManager: sessions: Session action 'null' for web application '/housing'
Nov 02, 2018 10:08:59 PM org.apache.catalina.core.ApplicationContext log
INFO: HTMLManager: restart: Reloading web application '/housing'
Nov 02, 2018 10:08:59 PM org.apache.catalina.core.ApplicationContext log
INFO: HTMLManager: list: Listing contexts for virtual host 'localhost'
Nov 02, 2018 10:11:09 PM org.apache.catalina.core.ApplicationContext log
INFO: HTMLManager: restart: Reloading web application '/housing'
Nov 02, 2018 10:11:10 PM org.apache.catalina.core.ApplicationContext log
INFO: HTMLManager: list: Listing contexts for virtual host 'localhost'
Nov 02, 2018 10:11:11 PM org.apache.catalina.core.ApplicationContext log
INFO: HTMLManager: restart: Reloading web application '/housing'
Nov 02, 2018 10:11:11 PM org.apache.catalina.core.ApplicationContext log
INFO: HTMLManager: list: Listing contexts for virtual host 'localhost'
Nov 02, 2018 10:12:10 PM org.apache.catalina.core.ApplicationContext log
INFO: HTMLManager: restart: Reloading web application '/housing'
Nov 02, 2018 10:12:10 PM org.apache.catalina.core.ApplicationContext log
INFO: HTMLManager: list: Listing contexts for virtual host 'localhost'
Nov 02, 2018 10:12:11 PM org.apache.catalina.core.ApplicationContext log
INFO: HTMLManager: restart: Reloading web application '/housing'
Nov 02, 2018 10:12:11 PM org.apache.catalina.core.ApplicationContext log
INFO: HTMLManager: restart: Reloading web application '/housing'
Nov 02, 2018 10:12:11 PM org.apache.catalina.core.ApplicationContext log
INFO: HTMLManager: list: Listing contexts for virtual host 'localhost'
Nov 02, 2018 10:12:11 PM org.apache.catalina.core.ApplicationContext log
INFO: HTMLManager: list: Listing contexts for virtual host 'localhost'
